[01m[K/home/nikola/ws_moveit/src/my_services/src/PickPlace_Action_Server.cpp:[m[K In constructor â€˜[01m[KPickPlaceAction_Server::PickPlaceAction_Server(std::string)[m[Kâ€™:
[01m[K/home/nikola/ws_moveit/src/my_services/src/PickPlace_Action_Server.cpp:47:5:[m[K [01;31m[Kerror: [m[Kâ€˜[01m[Kmove_group_interface[m[Kâ€™ was not declared in this scope
   47 |     [01;31m[Kmove_group_interface[m[K = moveit::planning_interface::MoveGroupInterface(PLANNING_GROUP);
      |     [01;31m[K^~~~~~~~~~~~~~~~~~~~[m[K
[01m[K/home/nikola/ws_moveit/src/my_services/src/PickPlace_Action_Server.cpp:48:5:[m[K [01;31m[Kerror: [m[Kâ€˜[01m[Kgripper_group[m[Kâ€™ was not declared in this scope
   48 |     [01;31m[Kgripper_group[m[K = moveit::planning_interface::MoveGroupInterface(PLANNING_GRIPPER);
      |     [01;31m[K^~~~~~~~~~~~~[m[K
[01m[K/home/nikola/ws_moveit/src/my_services/src/PickPlace_Action_Server.cpp:[m[K In member function â€˜[01m[Kvoid PickPlaceAction_Server::executeCB(const PickPlaceGoalConstPtr&)[m[Kâ€™:
[01m[K/home/nikola/ws_moveit/src/my_services/src/PickPlace_Action_Server.cpp:109:49:[m[K [01;31m[Kerror: [m[Kâ€˜[01m[Kmove_group_interface[m[Kâ€™ was not declared in this scope
  109 |     moveit::core::RobotStatePtr current_state = [01;31m[Kmove_group_interface[m[K.getCurrentState();
      |                                                 [01;31m[K^~~~~~~~~~~~~~~~~~~~[m[K
[01m[K/home/nikola/ws_moveit/src/my_services/src/PickPlace_Action_Server.cpp:114:5:[m[K [01;31m[Kerror: [m[Kâ€˜[01m[Kgripper_group[m[Kâ€™ was not declared in this scope
  114 |     [01;31m[Kgripper_group[m[K.setStartState(*gripper_group.getCurrentState());
      |     [01;31m[K^~~~~~~~~~~~~[m[K
make[2]: *** [CMakeFiles/PickPlace_Action_Server.dir/build.make:63: CMakeFiles/PickPlace_Action_Server.dir/src/PickPlace_Action_Server.cpp.o] Error 1
make[1]: *** [CMakeFiles/Makefile2:292: CMakeFiles/PickPlace_Action_Server.dir/all] Error 2
make: *** [Makefile:141: all] Error 2
