[01m[K/home/nikola/ws_moveit/src/my_services/src/Object_Detection_Server.cpp:[m[K In member function â€˜[01m[Kbool ObjectDetectionService::handleRequest(my_services::ObjectPositionService::Request&, my_services::ObjectPositionService::Response&)[m[Kâ€™:
[01m[K/home/nikola/ws_moveit/src/my_services/src/Object_Detection_Server.cpp:96:20:[m[K [01;31m[Kerror: [m[Kâ€˜[01m[Kclass ros::Publisher[m[Kâ€™ has no member named â€˜[01m[Kpub[m[Kâ€™
   96 |         cloud_pub_.[01;31m[Kpub[m[K(testcloud);
      |                    [01;31m[K^~~[m[K
make[2]: *** [CMakeFiles/Object_Detection_Server.dir/build.make:63: CMakeFiles/Object_Detection_Server.dir/src/Object_Detection_Server.cpp.o] Error 1
make[1]: *** [CMakeFiles/Makefile2:268: CMakeFiles/Object_Detection_Server.dir/all] Error 2
make: *** [Makefile:141: all] Error 2
