[01m[K/home/nikola/ws_moveit/src/my_services/src/PickPlace_Action_Server.cpp:[m[K In member function â€˜[01m[Kvoid PickPlaceAction_Server::executeCB(const PickPlaceGoalConstPtr&)[m[Kâ€™:
[01m[K/home/nikola/ws_moveit/src/my_services/src/PickPlace_Action_Server.cpp:197:58:[m[K [01;31m[Kerror: [m[Kredeclaration of â€˜[01m[Kmoveit::planning_interface::MoveGroupInterface::Plan my_plan[m[Kâ€™
  197 |     moveit::planning_interface::MoveGroupInterface::Plan [01;31m[Kmy_plan[m[K;
      |                                                          [01;31m[K^~~~~~~[m[K
[01m[K/home/nikola/ws_moveit/src/my_services/src/PickPlace_Action_Server.cpp:177:58:[m[K [01;36m[Knote: [m[Kâ€˜[01m[Kmoveit::planning_interface::MoveGroupInterface::Plan my_plan[m[Kâ€™ previously declared here
  177 |     moveit::planning_interface::MoveGroupInterface::Plan [01;36m[Kmy_plan[m[K;
      |                                                          [01;36m[K^~~~~~~[m[K
[01m[K/home/nikola/ws_moveit/src/my_services/src/PickPlace_Action_Server.cpp:286:58:[m[K [01;31m[Kerror: [m[Kredeclaration of â€˜[01m[Kmoveit::planning_interface::MoveGroupInterface::Plan my_plan[m[Kâ€™
  286 |     moveit::planning_interface::MoveGroupInterface::Plan [01;31m[Kmy_plan[m[K;
      |                                                          [01;31m[K^~~~~~~[m[K
[01m[K/home/nikola/ws_moveit/src/my_services/src/PickPlace_Action_Server.cpp:177:58:[m[K [01;36m[Knote: [m[Kâ€˜[01m[Kmoveit::planning_interface::MoveGroupInterface::Plan my_plan[m[Kâ€™ previously declared here
  177 |     moveit::planning_interface::MoveGroupInterface::Plan [01;36m[Kmy_plan[m[K;
      |                                                          [01;36m[K^~~~~~~[m[K
make[2]: *** [CMakeFiles/PickPlace_Action_Server.dir/build.make:63: CMakeFiles/PickPlace_Action_Server.dir/src/PickPlace_Action_Server.cpp.o] Error 1
make[1]: *** [CMakeFiles/Makefile2:292: CMakeFiles/PickPlace_Action_Server.dir/all] Error 2
make: *** [Makefile:141: all] Error 2
