[01m[K/home/nikola/ws_moveit/src/expanda/src/object_detection_demo.cpp:[m[K In function â€˜[01m[Kint main(int, char**)[m[Kâ€™:
[01m[K/home/nikola/ws_moveit/src/expanda/src/object_detection_demo.cpp:202:40:[m[K [01;31m[Kerror: [m[Kâ€˜[01m[Kobject_pose[m[Kâ€™ was not declared in this scope; did you mean â€˜[01m[Kobject3_pose[m[Kâ€™?
  202 |     move_group_interface.setPoseTarget([01;31m[Kobject_pose[m[K);
      |                                        [01;31m[K^~~~~~~~~~~[m[K
      |                                        [32m[Kobject3_pose[m[K
make[2]: *** [CMakeFiles/object_detection_demo.dir/build.make:63: CMakeFiles/object_detection_demo.dir/src/object_detection_demo.cpp.o] Error 1
make[1]: *** [CMakeFiles/Makefile2:279: CMakeFiles/object_detection_demo.dir/all] Error 2
make: *** [Makefile:141: all] Error 2
