[01m[K/home/nikola/ws_moveit/src/expanda/src/testing_pickplace_server.cpp:18:10:[m[K [01;31m[Kfatal error: [m[Kshapes/shapes.h: No such file or directory
   18 | #include [01;31m[K<shapes/shapes.h>[m[K
      |          [01;31m[K^~~~~~~~~~~~~~~~~[m[K
compilation terminated.
make[2]: *** [CMakeFiles/testing_pickplace_server.dir/build.make:63: CMakeFiles/testing_pickplace_server.dir/src/testing_pickplace_server.cpp.o] Error 1
make[1]: *** [CMakeFiles/Makefile2:293: CMakeFiles/testing_pickplace_server.dir/all] Error 2
make: *** [Makefile:141: all] Error 2
