[01m[K/home/nikola/ws_moveit/src/expanda/src/depthcam_demo.cpp:[m[K In function â€˜[01m[Kint main(int, char**)[m[Kâ€™:
[01m[K/home/nikola/ws_moveit/src/expanda/src/depthcam_demo.cpp:118:21:[m[K [01;31m[Kerror: [m[Kâ€˜[01m[Kprimitive[m[Kâ€™ was not declared in this scope; did you mean â€˜[01m[Kprimitive3[m[Kâ€™?
  118 |   primitive3.type = [01;31m[Kprimitive[m[K.BOX;
      |                     [01;31m[K^~~~~~~~~[m[K
      |                     [32m[Kprimitive3[m[K
make[2]: *** [CMakeFiles/depthcam_demo.dir/build.make:63: CMakeFiles/depthcam_demo.dir/src/depthcam_demo.cpp.o] Error 1
make[1]: *** [CMakeFiles/Makefile2:272: CMakeFiles/depthcam_demo.dir/all] Error 2
make[1]: *** Waiting for unfinished jobs....
make: *** [Makefile:141: all] Error 2
