[01m[K/home/nikola/ws_moveit/src/expanda/src/testing_pickplace_server.cpp:[m[K In function â€˜[01m[Kint main(int, char**)[m[Kâ€™:
[01m[K/home/nikola/ws_moveit/src/expanda/src/testing_pickplace_server.cpp:79:33:[m[K [01;31m[Kerror: [m[Kâ€˜[01m[Km_scaled[m[Kâ€™ was not declared in this scope
   79 |   shapes::constructMsgFromShape([01;31m[Km_scaled[m[K,mesh_msg); //convert shape into a shape msg
      |                                 [01;31m[K^~~~~~~~[m[K
make[2]: *** [CMakeFiles/testing_pickplace_server.dir/build.make:63: CMakeFiles/testing_pickplace_server.dir/src/testing_pickplace_server.cpp.o] Error 1
make[1]: *** [CMakeFiles/Makefile2:293: CMakeFiles/testing_pickplace_server.dir/all] Error 2
make: *** [Makefile:141: all] Error 2
